Arguments: 
  C:\Program Files\nodejs\node.exe C:\Program Files (x86)\Yarn\bin\yarn.js add pixi @types/pixi

PATH: 
  C:\Program Files\Git\mingw64\bin;C:\Program Files\Git\usr\bin;C:\Users\Andy\bin;C:\Program Files\Git\mingw64\bin;C:\Program Files\Git\usr\bin;C:\Users\Andy\bin;C:\program files\graphicsmagick-1.3.30-q8;C:\Program Files\ImageMagick-7.0.8-Q16;C:\Program Files (x86)\Common Files\Intel\Shared Libraries\redist\intel64\compiler;C:\ProgramData\Oracle\Java\javapath;C:\Program Files (x86)\Intel\iCLS Client;C:\Program Files\Intel\iCLS Client;C:\Windows\system32;C:\Windows;C:\Windows\System32\Wbem;C:\Windows\System32\WindowsPowerShell\v1.0;C:\Program Files (x86)\Intel\Intel(R) Management Engine Components\DAL;C:\Program Files\Intel\Intel(R) Management Engine Components\DAL;C:\Program Files (x86)\Intel\Intel(R) Management Engine Components\IPT;C:\Program Files\Intel\Intel(R) Management Engine Components\IPT;C:\Program Files (x86)\NVIDIA Corporation\PhysX\Common;C:\Program Files (x86)\GtkSharp\2.12\bin;C:\Program Files\Git\cmd;C:\Users\Andy\AppData\Local\Programs\Python\Python36-32;C:\Program Files (x86)\Bitvise SSH Client;C:\Program Files (x86)\Yarn\bin;C:\WINDOWS\system32;C:\WINDOWS;C:\WINDOWS\System32\Wbem;C:\WINDOWS\System32\WindowsPowerShell\v1.0;C:\Program Files\dotnet;C:\Program Files\Microsoft VS Code\bin;C:\Users\Andy\AppData\Roaming\nvm;C:\Program Files\nodejs;C:\ProgramData\chocolatey\bin;C:\HaxeToolkit\haxe;C:\HaxeToolkit\neko;C:\ProgramData\chocolatey\lib\Elixir\bin;C:\Program Files\PuTTY;C:\Users\Andy\AppData\Roaming\nvm;C:\Program Files\nodejs;C:\Users\Andy\AppData\Local\Programs\Python\Python36\Scripts;C:\Program Files\CMake\bin;C:\WINDOWS\system32;C:\WINDOWS;C:\WINDOWS\System32\Wbem;C:\WINDOWS\System32\WindowsPowerShell\v1.0;C:\WINDOWS\System32\OpenSSH;C:\Program Files\NVIDIA Corporation\NVIDIA NvDLISR;C:\Program Files (x86)\Common Files\GTK\2.0\bin;C:\Program Files\Amazon\AWSCLIV2;C:\Program Files\erl10.2\bin;C:\Program Files (x86)\Elixir\bin;C:\Users\Andy\.mix\escripts;C:\Ruby26-x64\bin;C:\Users\Andy\AppData\Local\Programs\Python\Python38\Scripts;C:\Users\Andy\AppData\Local\Programs\Python\Python38;C:\Users\Andy\AppData\Local\Programs\Python\Python36-64\Scripts;C:\Users\Andy\AppData\Local\Programs\Python\Python36-64;C:\Users\Andy\.cargo\bin;.;C:\Users\Andy\.windows-build-tools\python27\python.exe;C:\Program Files\Heroku\bin;C:\ffmpeg\bin;C:\Users\Andy\AppData\Local\Yarn\bin;C:\Users\Andy\AppData\Local\Microsoft\WindowsApps;X:\Program Files\Docker Toolbox;C:\Users\Andy\scoop\apps\go\current\bin;C:\Users\Andy\scoop\shims;C:\Ruby24-x64\bin;C:\Users\Andy\AppData\Local\Microsoft\WindowsApps;C:\Users\Andy\AppData\Local\atom\bin;C:\Users\Andy\AppData\Roaming\npm;C:\Python27;C:\Users\Andy\AppData\Local\Programs\Python\Python36\Scripts;C:\Users\Andy\AppData\Local\Programs\Python\Python36;C:\Users\Andy\AppData\Local\Programs\Python\Launcher;C:\Users\Andy\AppData\Local\Programs\Python\Python36-32\Scripts;C:\Users\Andy\AppData\roaming\Python\Python36\scripts;C:\texlive\2019\bin\win32;C:\Program Files (x86)\FAHClient

Yarn version: 
  1.3.2

Node version: 
  10.13.0

Platform: 
  win32 x64

npm manifest: 
  {
    "name": "webpack-typescript-starter",
    "version": "0.0.1",
    "description": "A simple Webpack 4 starter with TypeScript transpilation",
    "main": "index.js",
    "scripts": {
      "start": "webpack-dev-server --port 9000 --inline --progress --profile --colors --watch --content-base src/ --mode development",
      "build": "webpack --config webpack.config.js --mode production",
      "build.prod": "webpack --config webpack.config.js -p",
      "build.esnext": "npm run build:types && npm run build:js",
      "build:types": "tsc --emitDeclarationOnly",
      "build:js": "babel src --out-dir dist --extensions \".ts,.tsx\" --source-maps inline",
      "build.all": "npm run build.prod && npm run build.esnext",
      "test": "karma start karma.config.js"
    },
    "keywords": [
      "webpack",
      "webpack4",
      "typescript"
    ],
    "author": "Juri Strumpflohner",
    "license": "ISC",
    "devDependencies": {
      "@types/jasmine": "2.8.7",
      "@types/node": "7.0.0",
      "awesome-typescript-loader": "5.2.0",
      "jasmine-core": "3.1.0",
      "karma": "2.0.4",
      "karma-jasmine": "1.1.2",
      "karma-phantomjs-launcher": "1.0.4",
      "karma-webpack": "3.0.0",
      "source-map-loader": "0.2.3",
      "tslint": "5.17.0",
      "tslint-loader": "3.6.0",
      "typescript": "3.5.1",
      "webpack": "4.12.0",
      "webpack-cli": "3.0.8",
      "webpack-dev-server": "3.1.4",
      "@babel/cli": "^7.2.3",
      "@babel/core": "^7.4.0",
      "@babel/plugin-proposal-class-properties": "^7.4.0",
      "@babel/plugin-proposal-object-rest-spread": "^7.4.0",
      "@babel/preset-env": "^7.4.1",
      "@babel/preset-typescript": "^7.3.3"
    }
  }

yarn manifest: 
  No manifest

Lockfile: 
  No lockfile

Trace: 
  Error: https://registry.yarnpkg.com/@types%2fpixi: Not found
      at Request.params.callback [as _callback] (C:\Program Files (x86)\Yarn\lib\cli.js:62098:18)
      at Request.self.callback (C:\Program Files (x86)\Yarn\lib\cli.js:123085:22)
      at Request.emit (events.js:182:13)
      at Request.<anonymous> (C:\Program Files (x86)\Yarn\lib\cli.js:124068:10)
      at Request.emit (events.js:182:13)
      at IncomingMessage.<anonymous> (C:\Program Files (x86)\Yarn\lib\cli.js:123988:12)
      at Object.onceWrapper (events.js:273:13)
      at IncomingMessage.emit (events.js:187:15)
      at endReadableNT (_stream_readable.js:1094:12)
      at process._tickCallback (internal/process/next_tick.js:63:19)
